MainApplication start!
   _       U  ___ u__     __ U _____ u      __  __      _      U  ___ u   _                  _   _     ____
  |"|       \/"_ \/\ \   /"/u\| ___"|/    U|' \/ '|uU  /"\  u   \/"_ \/  |"|        ___     | \ |"| U /"___|u
U | | u     | | | | \ \ / //  |  _|"      \| |\/| |/ \/ _ \/    | | | |U | | u     |_"_|   <|  \| |>\| |  _ /
 \| |/__.-,_| |_| | /\ V /_,-.| |___       | |  | |  / ___ \.-,_| |_| | \| |/__     | |    U| |\  |u | |_| |
  |_____|\_)-\___/ U  \_/-(_/ |_____|      |_|  |_| /_/   \_\\_)-\___/   |_____|  U/| |\u   |_| \_|   \____|
  //  \\      \\     //       <<   >>     <<,-,,-.   \\    >>     \\     //  \\.-,_|___|_,-.||   \\,-._)(|_
 (_")("_)    (__)   (__)     (__) (__)     (./  \.) (__)  (__)   (__)   (_")("_)\_)-' '-(_/ (_")  (_/(__)__)
2021-11-09 15:18:07.513  INFO 8882 --- [           main] com.example.api.MainApplication          : Starting MainApplication v0.0.1-SNAPSHOT using Java 1.8.0_202 on lianghahadeMacBook-Air.local with PID 8882 (/Users/lianghaha/Projects/springboot-learning/api/target/api-0.0.1-SNAPSHOT.jar started by lianghaha in /Users/lianghaha/Projects/springboot-learning)
2021-11-09 15:18:07.517  INFO 8882 --- [           main] com.example.api.MainApplication          : No active profile set, falling back to default profiles: default
2021-11-09 15:18:09.668  INFO 8882 --- [           main] o.s.b.w.embedded.tomcat.TomcatWebServer  : Tomcat initialized with port(s): 8080 (http)
2021-11-09 15:18:09.684  INFO 8882 --- [           main] o.apache.catalina.core.StandardService   : Starting service [Tomcat]
2021-11-09 15:18:09.684  INFO 8882 --- [           main] org.apache.catalina.core.StandardEngine  : Starting Servlet engine: [Apache Tomcat/9.0.54]
2021-11-09 15:18:09.779  INFO 8882 --- [           main] o.a.c.c.C.[Tomcat].[localhost].[/]       : Initializing Spring embedded WebApplicationContext
2021-11-09 15:18:09.780  INFO 8882 --- [           main] w.s.c.ServletWebServerApplicationContext : Root WebApplicationContext: initialization completed in 2086 ms
2021-11-09 15:18:10.792  INFO 8882 --- [           main] o.s.b.w.embedded.tomcat.TomcatWebServer  : Tomcat started on port(s): 8080 (http) with context path ''
2021-11-09 15:18:10.815  INFO 8882 --- [           main] com.example.api.MainApplication          : Started MainApplication in 4.102 seconds (JVM running for 5.174)
MainApplication end!
MainApplication start!
   _       U  ___ u__     __ U _____ u      __  __      _      U  ___ u   _                  _   _     ____
  |"|       \/"_ \/\ \   /"/u\| ___"|/    U|' \/ '|uU  /"\  u   \/"_ \/  |"|        ___     | \ |"| U /"___|u
U | | u     | | | | \ \ / //  |  _|"      \| |\/| |/ \/ _ \/    | | | |U | | u     |_"_|   <|  \| |>\| |  _ /
 \| |/__.-,_| |_| | /\ V /_,-.| |___       | |  | |  / ___ \.-,_| |_| | \| |/__     | |    U| |\  |u | |_| |
  |_____|\_)-\___/ U  \_/-(_/ |_____|      |_|  |_| /_/   \_\\_)-\___/   |_____|  U/| |\u   |_| \_|   \____|
  //  \\      \\     //       <<   >>     <<,-,,-.   \\    >>     \\     //  \\.-,_|___|_,-.||   \\,-._)(|_
 (_")("_)    (__)   (__)     (__) (__)     (./  \.) (__)  (__)   (__)   (_")("_)\_)-' '-(_/ (_")  (_/(__)__)
2021-11-09 15:19:00.665  INFO 8966 --- [           main] com.example.api.MainApplication          : Starting MainApplication v0.0.1-SNAPSHOT using Java 1.8.0_202 on lianghahadeMacBook-Air.local with PID 8966 (/Users/lianghaha/Projects/springboot-learning/api/target/api-0.0.1-SNAPSHOT.jar started by lianghaha in /Users/lianghaha/Projects/springboot-learning)
2021-11-09 15:19:00.672  INFO 8966 --- [           main] com.example.api.MainApplication          : No active profile set, falling back to default profiles: default
2021-11-09 15:19:02.861  INFO 8966 --- [           main] o.s.b.w.embedded.tomcat.TomcatWebServer  : Tomcat initialized with port(s): 8080 (http)
2021-11-09 15:19:02.876  INFO 8966 --- [           main] o.apache.catalina.core.StandardService   : Starting service [Tomcat]
2021-11-09 15:19:02.877  INFO 8966 --- [           main] org.apache.catalina.core.StandardEngine  : Starting Servlet engine: [Apache Tomcat/9.0.54]
2021-11-09 15:19:02.964  INFO 8966 --- [           main] o.a.c.c.C.[Tomcat].[localhost].[/]       : Initializing Spring embedded WebApplicationContext
2021-11-09 15:19:02.964  INFO 8966 --- [           main] w.s.c.ServletWebServerApplicationContext : Root WebApplicationContext: initialization completed in 2085 ms
2021-11-09 15:19:03.985  INFO 8966 --- [           main] o.s.b.w.embedded.tomcat.TomcatWebServer  : Tomcat started on port(s): 8080 (http) with context path ''
2021-11-09 15:19:04.005  INFO 8966 --- [           main] com.example.api.MainApplication          : Started MainApplication in 4.354 seconds (JVM running for 5.379)
MainApplication end!
2021-11-09 15:19:04.638  INFO 8966 --- [nio-8080-exec-1] o.a.c.c.C.[Tomcat].[localhost].[/]       : Initializing Spring DispatcherServlet 'dispatcherServlet'
2021-11-09 15:19:04.638  INFO 8966 --- [nio-8080-exec-1] o.s.web.servlet.DispatcherServlet        : Initializing Servlet 'dispatcherServlet'
2021-11-09 15:19:04.640  INFO 8966 --- [nio-8080-exec-1] o.s.web.servlet.DispatcherServlet        : Completed initialization in 2 ms
